<?xml version="1.0" encoding="UTF-8"?>
<testsuite name="com.tauro.featurespace.FeatureSpaceTest" tests="1" skipped="0" failures="0" errors="0" timestamp="2021-03-17T19:59:19" hostname="Makerss-MacBook-Air.local" time="0.037">
  <properties/>
  <testcase name="testCustomersHighestAverageTransactionAmount()" classname="com.tauro.featurespace.FeatureSpaceTest" time="0.037"/>
  <system-out><![CDATA[]]></system-out>
  <system-err><![CDATA[]]></system-err>
</testsuite>
