<?xml version="1.0" encoding="UTF-8"?>
<testsuite name="com.tauro.featurespace.FeatureSpaceTest" tests="2" skipped="0" failures="0" errors="0" timestamp="2021-03-18T12:18:00" hostname="Makerss-MacBook-Air.local" time="0.042">
  <properties/>
  <testcase name="testCustomersHighestAverageTransactionAmount()" classname="com.tauro.featurespace.FeatureSpaceTest" time="0.036"/>
  <testcase name="testCustomersHighestAverageTransactionAmountInOrder()" classname="com.tauro.featurespace.FeatureSpaceTest" time="0.004"/>
  <system-out><![CDATA[]]></system-out>
  <system-err><![CDATA[]]></system-err>
</testsuite>
