<?xml version="1.0" encoding="UTF-8"?>
<testsuite name="com.tauro.featurespace.FeatureSpaceTest" tests="6" skipped="0" failures="0" errors="0" timestamp="2021-03-18T22:14:58" hostname="Makerss-MacBook-Air.local" time="0.129">
  <properties/>
  <testcase name="testMerchantsHighestAverageTransactionAmountInOrder()" classname="com.tauro.featurespace.FeatureSpaceTest" time="0.07"/>
  <testcase name="featureTest()" classname="com.tauro.featurespace.FeatureSpaceTest" time="0.023"/>
  <testcase name="testCustomersHighestAverageTransactionAmount()" classname="com.tauro.featurespace.FeatureSpaceTest" time="0.004"/>
  <testcase name="testMerchantsShortestTimeBetweenTransactions()" classname="com.tauro.featurespace.FeatureSpaceTest" time="0.005"/>
  <testcase name="testCustomersHighestRemainingBalanceInOrder()" classname="com.tauro.featurespace.FeatureSpaceTest" time="0.008"/>
  <testcase name="testCustomersHighestAverageTransactionAmountInOrder()" classname="com.tauro.featurespace.FeatureSpaceTest" time="0.008"/>
  <system-out><![CDATA[]]></system-out>
  <system-err><![CDATA[]]></system-err>
</testsuite>
